Flow report for final_project
Fri Dec 14 12:42:56 2018
Quartus Prime Version 18.0.0 Build 614 04/24/2018 SJ Lite Edition


---------------------
; Table of Contents ;
---------------------
  1. Legal Notice
  2. Flow Summary
  3. Flow Settings
  4. Flow Non-Default Global Settings
  5. Flow Elapsed Time
  6. Flow OS Summary
  7. Flow Log
  8. Flow Messages
  9. Flow Suppressed Messages



----------------
; Legal Notice ;
----------------
Copyright (C) 2018  Intel Corporation. All rights reserved.
Your use of Intel Corporation's design tools, logic functions 
and other software and tools, and its AMPP partner logic 
functions, and any output files from any of the foregoing 
(including device programming or simulation files), and any 
associated documentation or information are expressly subject 
to the terms and conditions of the Intel Program License 
Subscription Agreement, the Intel Quartus Prime License Agreement,
the Intel FPGA IP License Agreement, or other applicable license
agreement, including, without limitation, that your use is for
the sole purpose of programming logic devices manufactured by
Intel and sold by Intel or its authorized distributors.  Please
refer to the applicable agreement for further details.



+----------------------------------------------------------------------------------+
; Flow Summary                                                                     ;
+------------------------------------+---------------------------------------------+
; Flow Status                        ; Successful - Fri Dec 14 12:42:56 2018       ;
; Quartus Prime Version              ; 18.0.0 Build 614 04/24/2018 SJ Lite Edition ;
; Revision Name                      ; final_project                               ;
; Top-level Entity Name              ; Audio_Top                                   ;
; Family                             ; Cyclone IV E                                ;
; Device                             ; EP4CE115F29C7                               ;
; Timing Models                      ; Final                                       ;
; Total logic elements               ; 5,463 / 114,480 ( 5 % )                     ;
;     Total combinational functions  ; 4,750 / 114,480 ( 4 % )                     ;
;     Dedicated logic registers      ; 2,459 / 114,480 ( 2 % )                     ;
; Total registers                    ; 2578                                        ;
; Total pins                         ; 168 / 529 ( 32 % )                          ;
; Total virtual pins                 ; 0                                           ;
; Total memory bits                  ; 27,776 / 3,981,312 ( < 1 % )                ;
; Embedded Multiplier 9-bit elements ; 0 / 532 ( 0 % )                             ;
; Total PLLs                         ; 3 / 4 ( 75 % )                              ;
+------------------------------------+---------------------------------------------+


+-----------------------------------------+
; Flow Settings                           ;
+-------------------+---------------------+
; Option            ; Setting             ;
+-------------------+---------------------+
; Start date & time ; 12/14/2018 12:39:22 ;
; Main task         ; Compilation         ;
; Revision Name     ; final_project       ;
+-------------------+---------------------+


+------------------------------------------------------------------------------------------------------------------------------------------------------+
; Flow Non-Default Global Settings                                                                                                                     ;
+-------------------------------------+----------------------------------------------------------------+---------------+--------------+----------------+
; Assignment Name                     ; Value                                                          ; Default Value ; Entity Name  ; Section Id     ;
+-------------------------------------+----------------------------------------------------------------+---------------+--------------+----------------+
; COMPILER_SIGNATURE_ID               ; 251172783418520.154481276109784                                ; --            ; --           ; --             ;
; EDA_OUTPUT_DATA_FORMAT              ; Systemverilog Hdl                                              ; --            ; --           ; eda_simulation ;
; EDA_SIMULATION_TOOL                 ; ModelSim-Altera (SystemVerilog)                                ; <None>        ; --           ; --             ;
; MAX_CORE_JUNCTION_TEMP              ; 85                                                             ; --            ; --           ; --             ;
; MIN_CORE_JUNCTION_TEMP              ; 0                                                              ; --            ; --           ; --             ;
; MISC_FILE                           ; pitch_down_ram.cmp                                             ; --            ; --           ; --             ;
; MISC_FILE                           ; pitch_ram.cmp                                                  ; --            ; --           ; --             ;
; MISC_FILE                           ; shift.cmp                                                      ; --            ; --           ; --             ;
; MISC_FILE                           ; nios_system/synthesis/../nios_system.cmp                       ; --            ; --           ; --             ;
; MISC_FILE                           ; nios_system/synthesis/../../nios_system.qsys                   ; --            ; --           ; --             ;
; MISC_FILE                           ; vga_clk.ppf                                                    ; --            ; --           ; --             ;
; MISC_FILE                           ; Audio_Clock1/synthesis/../Audio_Clock1.cmp                     ; --            ; --           ; --             ;
; MISC_FILE                           ; Audio_Clock1/synthesis/../../Audio_Clock1.qsys                 ; --            ; --           ; --             ;
; NOMINAL_CORE_SUPPLY_VOLTAGE         ; 1.2V                                                           ; --            ; --           ; --             ;
; PARTITION_COLOR                     ; -- (Not supported for targeted family)                         ; --            ; Audio_Top    ; Top            ;
; PARTITION_FITTER_PRESERVATION_LEVEL ; -- (Not supported for targeted family)                         ; --            ; Audio_Top    ; Top            ;
; PARTITION_NETLIST_TYPE              ; -- (Not supported for targeted family)                         ; --            ; Audio_Top    ; Top            ;
; POWER_BOARD_THERMAL_MODEL           ; None (CONSERVATIVE)                                            ; --            ; --           ; --             ;
; POWER_PRESET_COOLING_SOLUTION       ; 23 MM HEAT SINK WITH 200 LFPM AIRFLOW                          ; --            ; --           ; --             ;
; PROJECT_OUTPUT_DIRECTORY            ; output_files                                                   ; --            ; --           ; --             ;
; SLD_FILE                            ; nios_system/synthesis/nios_system.regmap                       ; --            ; --           ; --             ;
; SLD_FILE                            ; nios_system/synthesis/nios_system.debuginfo                    ; --            ; --           ; --             ;
; SLD_FILE                            ; Audio_Clock1/synthesis/Audio_Clock1.debuginfo                  ; --            ; --           ; --             ;
; SLD_INFO                            ; QSYS_NAME Audio_Clock1 HAS_SOPCINFO 1 GENERATION_ID 1543803927 ; --            ; Audio_Clock1 ; --             ;
; SLD_INFO                            ; QSYS_NAME nios_system HAS_SOPCINFO 1 GENERATION_ID 1544318089  ; --            ; nios_system  ; --             ;
; SOPCINFO_FILE                       ; nios_system/synthesis/../../nios_system.sopcinfo               ; --            ; --           ; --             ;
; SOPCINFO_FILE                       ; Audio_Clock1/synthesis/../../Audio_Clock1.sopcinfo             ; --            ; --           ; --             ;
; SYNTHESIS_ONLY_QIP                  ; On                                                             ; --            ; --           ; --             ;
; SYNTHESIS_ONLY_QIP                  ; On                                                             ; --            ; --           ; --             ;
; TOP_LEVEL_ENTITY                    ; Audio_Top                                                      ; final_project ; --           ; --             ;
+-------------------------------------+----------------------------------------------------------------+---------------+--------------+----------------+


+--------------------------------------------------------------------------------------------------------------------------+
; Flow Elapsed Time                                                                                                        ;
+----------------------+--------------+-------------------------+---------------------+------------------------------------+
; Module Name          ; Elapsed Time ; Average Processors Used ; Peak Virtual Memory ; Total CPU Time (on all processors) ;
+----------------------+--------------+-------------------------+---------------------+------------------------------------+
; Analysis & Synthesis ; 00:01:42     ; 1.0                     ; 5037 MB             ; 00:02:18                           ;
; Fitter               ; 00:00:53     ; 1.0                     ; 5893 MB             ; 00:01:17                           ;
; Assembler            ; 00:00:09     ; 1.0                     ; 4727 MB             ; 00:00:09                           ;
; Timing Analyzer      ; 00:00:12     ; 1.2                     ; 4922 MB             ; 00:00:11                           ;
; EDA Netlist Writer   ; 00:00:15     ; 1.0                     ; 4756 MB             ; 00:00:13                           ;
; Total                ; 00:03:11     ; --                      ; --                  ; 00:04:08                           ;
+----------------------+--------------+-------------------------+---------------------+------------------------------------+


+------------------------------------------------------------------------------------+
; Flow OS Summary                                                                    ;
+----------------------+------------------+------------+------------+----------------+
; Module Name          ; Machine Hostname ; OS Name    ; OS Version ; Processor type ;
+----------------------+------------------+------------+------------+----------------+
; Analysis & Synthesis ; LAPTOP-4J9UOAO8  ; Windows 10 ; 10.0       ; x86_64         ;
; Fitter               ; LAPTOP-4J9UOAO8  ; Windows 10 ; 10.0       ; x86_64         ;
; Assembler            ; LAPTOP-4J9UOAO8  ; Windows 10 ; 10.0       ; x86_64         ;
; Timing Analyzer      ; LAPTOP-4J9UOAO8  ; Windows 10 ; 10.0       ; x86_64         ;
; EDA Netlist Writer   ; LAPTOP-4J9UOAO8  ; Windows 10 ; 10.0       ; x86_64         ;
+----------------------+------------------+------------+------------+----------------+


------------
; Flow Log ;
------------
quartus_map --read_settings_files=on --write_settings_files=off final_project -c final_project
quartus_fit --read_settings_files=off --write_settings_files=off final_project -c final_project
quartus_asm --read_settings_files=off --write_settings_files=off final_project -c final_project
quartus_sta final_project -c final_project
quartus_eda --read_settings_files=off --write_settings_files=off final_project -c final_project



